<?xml version="1.0" encoding="UTF-8"?>
<!-- Generated by org.testng.reporters.JUnitXMLReporter -->
<testsuite hostname="us-wash-fgcv7j1.morningstar.com" name="Surefire test" tests="5" failures="2" timestamp="6 Apr 2016 16:41:07 GMT" time="9.09" errors="0">
  <testcase name="googleCheeseExample" time="3.985" classname="com.masteringselenium.BasicTestWD">
    <failure type="java.lang.AssertionError" message="expected [false] but found [true]">
      <![CDATA[java.lang.AssertionError: expected [false] but found [true]
	at com.masteringselenium.BasicTestWD.googleCheeseExample(BasicTestWD.java:35)
	at java.util.concurrent.ThreadPoolExecutor.runWorker(ThreadPoolExecutor.java:1142)
	at java.util.concurrent.ThreadPoolExecutor$Worker.run(ThreadPoolExecutor.java:617)
	at java.lang.Thread.run(Thread.java:745)
... Removed 14 stack frames]]>
    </failure>
  </testcase> <!-- googleCheeseExample -->
  <testcase name="googleMilkExample" time="1.595" classname="com.masteringselenium.BasicTestWD"/>
  <testcase name="googleGangulyExample" time="7.455" classname="com.masteringselenium.BasicTestWD"/>
  <testcase name="googleSachineExample" time="1.783" classname="com.masteringselenium.BasicTestWD">
    <failure type="java.lang.AssertionError" message="null">
      <![CDATA[java.lang.AssertionError: null
	at com.masteringselenium.BasicTestWD.googleSachineExample(BasicTestWD.java:45)
	at java.util.concurrent.ThreadPoolExecutor.runWorker(ThreadPoolExecutor.java:1142)
	at java.util.concurrent.ThreadPoolExecutor$Worker.run(ThreadPoolExecutor.java:617)
	at java.lang.Thread.run(Thread.java:745)
... Removed 12 stack frames]]>
    </failure>
  </testcase> <!-- googleSachineExample -->
  <testcase name="googleDohniExample" time="9.071" classname="com.masteringselenium.BasicTestWD"/>
</testsuite> <!-- Surefire test -->
